[35m[1mScanning dependencies of target vikit_common[0m
[  5%] [32mBuilding CXX object CMakeFiles/vikit_common.dir/src/math_utils.cpp.o[0m
[ 36%] [32mBuilding CXX object CMakeFiles/vikit_common.dir/src/performance_monitor.cpp.o[0m
[ 36%] [32mBuilding CXX object CMakeFiles/vikit_common.dir/src/robust_cost.cpp.o[0m
[ 36%] [32mBuilding CXX object CMakeFiles/vikit_common.dir/src/omni_camera.cpp.o[0m
[ 36%] [32mBuilding CXX object CMakeFiles/vikit_common.dir/src/vision.cpp.o[0m
[ 36%] [32mBuilding CXX object CMakeFiles/vikit_common.dir/src/user_input_thread.cpp.o[0m
[ 36%] [32mBuilding CXX object CMakeFiles/vikit_common.dir/src/atan_camera.cpp.o[0m
[ 42%] [32mBuilding CXX object CMakeFiles/vikit_common.dir/src/pinhole_camera.cpp.o[0m
[ 47%] [32mBuilding CXX object CMakeFiles/vikit_common.dir/src/equidistant_camera.cpp.o[0m
[ 52%] [32mBuilding CXX object CMakeFiles/vikit_common.dir/src/polynomial_camera.cpp.o[0m
[ 57%] [32mBuilding CXX object CMakeFiles/vikit_common.dir/src/homography.cpp.o[0m
[ 63%] [32mBuilding CXX object CMakeFiles/vikit_common.dir/src/img_align.cpp.o[0m
[ 68%] [32m[1mLinking CXX shared library /home/aa-04/Smart_Eye_Lidar_Cam/devel/.private/vikit_common/lib/libvikit_common.so[0m
[ 68%] Built target vikit_common
[35m[1mScanning dependencies of target test_vk_common_patch_score[0m
[35m[1mScanning dependencies of target test_vk_common_camera[0m
[35m[1mScanning dependencies of target test_vk_common_triangulation[0m
[ 73%] [32mBuilding CXX object CMakeFiles/test_vk_common_patch_score.dir/test/test_patch_score.cpp.o[0m
[ 78%] [32mBuilding CXX object CMakeFiles/test_vk_common_camera.dir/test/test_camera.cpp.o[0m
[ 84%] [32mBuilding CXX object CMakeFiles/test_vk_common_triangulation.dir/test/test_triangulation.cpp.o[0m
[ 89%] [32m[1mLinking CXX executable /home/aa-04/Smart_Eye_Lidar_Cam/devel/.private/vikit_common/lib/vikit_common/test_vk_common_patch_score[0m
[ 89%] Built target test_vk_common_patch_score
[ 94%] [32m[1mLinking CXX executable /home/aa-04/Smart_Eye_Lidar_Cam/devel/.private/vikit_common/lib/vikit_common/test_vk_common_camera[0m
[ 94%] Built target test_vk_common_camera
[100%] [32m[1mLinking CXX executable /home/aa-04/Smart_Eye_Lidar_Cam/devel/.private/vikit_common/lib/vikit_common/test_vk_common_triangulation[0m
[100%] Built target test_vk_common_triangulation
